[0m09:17:14.557631 [debug] [MainThread]: Sending event: {'category': 'dbt', 'action': 'invocation', 'label': 'start', 'context': [<snowplow_tracker.self_describing_json.SelfDescribingJson object at 0x0000022A0ACF78D0>, <snowplow_tracker.self_describing_json.SelfDescribingJson object at 0x0000022A0ACF7ED0>, <snowplow_tracker.self_describing_json.SelfDescribingJson object at 0x0000022A0ACF7710>]}


============================== 09:17:14.564633 | 93130e2b-007c-4a88-8766-33924afc1ddc ==============================
[0m09:17:14.564633 [info ] [MainThread]: Running with dbt=1.11.6
[0m09:17:14.566762 [debug] [MainThread]: running dbt with arguments {'static_parser': 'True', 'no_print': 'None', 'version_check': 'True', 'target_path': 'None', 'warn_error_options': 'WarnErrorOptionsV2(error=[], warn=[], silence=[])', 'printer_width': '80', 'write_json': 'True', 'empty': 'None', 'log_cache_events': 'False', 'introspect': 'True', 'cache_selected_only': 'False', 'log_format': 'default', 'debug': 'False', 'fail_fast': 'False', 'profiles_dir': 'C:\\Users\\larry\\.dbt', 'send_anonymous_usage_stats': 'True', 'quiet': 'False', 'warn_error': 'None', 'partial_parse': 'True', 'indirect_selection': 'eager', 'invocation_command': 'dbt init rss_modernization', 'use_colors': 'True', 'use_experimental_parser': 'False', 'log_path': 'logs'}
[0m09:17:14.592874 [debug] [MainThread]: Starter project path: C:\Users\larry\Projects\data_engineering\dbt-modernization\venv\Lib\site-packages\dbt\include\starter_project
[0m09:17:14.651946 [info ] [MainThread]: 
Your new dbt project "rss_modernization" was created!

For more information on how to configure the profiles.yml file,
please consult the dbt documentation here:

  https://docs.getdbt.com/docs/configure-your-profile

One more thing:

Need help? Don't hesitate to reach out to us via GitHub issues or on Slack:

  https://community.getdbt.com/

Happy modeling!

[0m09:17:14.652945 [info ] [MainThread]: Setting up your profile.
[0m09:17:16.640870 [info ] [MainThread]: Profile rss_modernization written to C:\Users\larry\.dbt\profiles.yml using target's sample configuration. Once updated, you'll be able to start developing with dbt.
[0m09:17:16.642869 [debug] [MainThread]: Command `dbt init` succeeded at 09:17:16.642869 after 2.20 seconds
[0m09:17:16.643871 [debug] [MainThread]: Sending event: {'category': 'dbt', 'action': 'invocation', 'label': 'end', 'context': [<snowplow_tracker.self_describing_json.SelfDescribingJson object at 0x0000022A0A4A8C50>, <snowplow_tracker.self_describing_json.SelfDescribingJson object at 0x0000022A04041A90>, <snowplow_tracker.self_describing_json.SelfDescribingJson object at 0x0000022A04041ED0>]}
[0m09:17:16.644870 [debug] [MainThread]: Flushing usage events
[0m09:17:17.296728 [debug] [MainThread]: An error was encountered while trying to flush usage events
